2022-10-31 11:45:24.898  INFO 29312 --- [main] org.spoto.Application                    : Starting Application using Java 1.8.0_111 on LAPTOP-S8U4A92D with PID 29312 (D:\Java\MyprojectSys\student_management\target\classes started by 21309 in D:\Java\MyprojectSys\student_management)
2022-10-31 11:45:24.914  INFO 29312 --- [main] org.spoto.Application                    : No active profile set, falling back to 1 default profile: "default"
2022-10-31 11:45:26.673  INFO 29312 --- [main] o.s.b.w.embedded.tomcat.TomcatWebServer  : Tomcat initialized with port(s): 9899 (http)
2022-10-31 11:45:26.692  INFO 29312 --- [main] o.a.coyote.http11.Http11NioProtocol      : Initializing ProtocolHandler ["http-nio-9899"]
2022-10-31 11:45:26.693  INFO 29312 --- [main] o.apache.catalina.core.StandardService   : Starting service [Tomcat]
2022-10-31 11:45:26.694  INFO 29312 --- [main] org.apache.catalina.core.StandardEngine  : Starting Servlet engine: [Apache Tomcat/9.0.68]
2022-10-31 11:45:26.916  INFO 29312 --- [main] o.a.c.c.C.[Tomcat].[localhost].[/]       : Initializing Spring embedded WebApplicationContext
2022-10-31 11:45:26.917  INFO 29312 --- [main] w.s.c.ServletWebServerApplicationContext : Root WebApplicationContext: initialization completed in 1930 ms
2022-10-31 11:45:27.040  INFO 29312 --- [main] c.a.d.s.b.a.DruidDataSourceAutoConfigure : Init DruidDataSource
2022-10-31 11:45:27.250  INFO 29312 --- [main] com.alibaba.druid.pool.DruidDataSource   : {dataSource-1} inited
2022-10-31 11:45:27.780  INFO 29312 --- [main] o.s.b.a.w.s.WelcomePageHandlerMapping    : Adding welcome page: class path resource [static/index.html]
2022-10-31 11:45:27.966  INFO 29312 --- [main] o.a.coyote.http11.Http11NioProtocol      : Starting ProtocolHandler ["http-nio-9899"]
2022-10-31 11:45:27.991  INFO 29312 --- [main] o.s.b.w.embedded.tomcat.TomcatWebServer  : Tomcat started on port(s): 9899 (http) with context path ''
2022-10-31 11:45:28.008  INFO 29312 --- [main] org.spoto.Application                    : Started Application in 3.875 seconds (JVM running for 5.552)
2022-10-31 12:06:15.750  INFO 34332 --- [main] org.spoto.Application                    : Starting Application using Java 1.8.0_111 on LAPTOP-S8U4A92D with PID 34332 (D:\Java\MyprojectSys\student_management\target\classes started by 21309 in D:\Java\MyprojectSys\student_management)
2022-10-31 12:06:15.754  INFO 34332 --- [main] org.spoto.Application                    : No active profile set, falling back to 1 default profile: "default"
2022-10-31 12:06:16.897  INFO 34332 --- [main] o.s.b.w.embedded.tomcat.TomcatWebServer  : Tomcat initialized with port(s): 9899 (http)
2022-10-31 12:06:16.907  INFO 34332 --- [main] o.a.coyote.http11.Http11NioProtocol      : Initializing ProtocolHandler ["http-nio-9899"]
2022-10-31 12:06:16.908  INFO 34332 --- [main] o.apache.catalina.core.StandardService   : Starting service [Tomcat]
2022-10-31 12:06:16.908  INFO 34332 --- [main] org.apache.catalina.core.StandardEngine  : Starting Servlet engine: [Apache Tomcat/9.0.68]
2022-10-31 12:06:17.064  INFO 34332 --- [main] o.a.c.c.C.[Tomcat].[localhost].[/]       : Initializing Spring embedded WebApplicationContext
2022-10-31 12:06:17.064  INFO 34332 --- [main] w.s.c.ServletWebServerApplicationContext : Root WebApplicationContext: initialization completed in 1248 ms
2022-10-31 12:06:17.166  INFO 34332 --- [main] c.a.d.s.b.a.DruidDataSourceAutoConfigure : Init DruidDataSource
2022-10-31 12:06:17.324  INFO 34332 --- [main] com.alibaba.druid.pool.DruidDataSource   : {dataSource-1} inited
2022-10-31 12:06:17.709  INFO 34332 --- [main] o.s.b.a.w.s.WelcomePageHandlerMapping    : Adding welcome page: class path resource [static/index.html]
2022-10-31 12:06:17.868  INFO 34332 --- [main] o.a.coyote.http11.Http11NioProtocol      : Starting ProtocolHandler ["http-nio-9899"]
2022-10-31 12:06:17.887  INFO 34332 --- [main] o.s.b.w.embedded.tomcat.TomcatWebServer  : Tomcat started on port(s): 9899 (http) with context path ''
2022-10-31 12:06:17.900  INFO 34332 --- [main] org.spoto.Application                    : Started Application in 2.716 seconds (JVM running for 4.071)
2022-10-31 12:06:42.322  INFO 34332 --- [http-nio-9899-exec-1] o.a.c.c.C.[Tomcat].[localhost].[/]       : Initializing Spring DispatcherServlet 'dispatcherServlet'
2022-10-31 12:06:42.322  INFO 34332 --- [http-nio-9899-exec-1] o.s.web.servlet.DispatcherServlet        : Initializing Servlet 'dispatcherServlet'
2022-10-31 12:06:42.323  INFO 34332 --- [http-nio-9899-exec-1] o.s.web.servlet.DispatcherServlet        : Completed initialization in 1 ms
2022-10-31 12:12:54.325  INFO 30688 --- [main] org.spoto.Application                    : Starting Application using Java 1.8.0_111 on LAPTOP-S8U4A92D with PID 30688 (D:\Java\MyprojectSys\student_management\target\classes started by 21309 in D:\Java\MyprojectSys\student_management)
2022-10-31 12:12:54.328  INFO 30688 --- [main] org.spoto.Application                    : No active profile set, falling back to 1 default profile: "default"
2022-10-31 12:12:55.514  INFO 30688 --- [main] o.s.b.w.embedded.tomcat.TomcatWebServer  : Tomcat initialized with port(s): 9899 (http)
2022-10-31 12:12:55.521  INFO 30688 --- [main] o.a.coyote.http11.Http11NioProtocol      : Initializing ProtocolHandler ["http-nio-9899"]
2022-10-31 12:12:55.521  INFO 30688 --- [main] o.apache.catalina.core.StandardService   : Starting service [Tomcat]
2022-10-31 12:12:55.521  INFO 30688 --- [main] org.apache.catalina.core.StandardEngine  : Starting Servlet engine: [Apache Tomcat/9.0.68]
2022-10-31 12:12:55.717  INFO 30688 --- [main] o.a.c.c.C.[Tomcat].[localhost].[/]       : Initializing Spring embedded WebApplicationContext
2022-10-31 12:12:55.718  INFO 30688 --- [main] w.s.c.ServletWebServerApplicationContext : Root WebApplicationContext: initialization completed in 1345 ms
2022-10-31 12:12:55.844  INFO 30688 --- [main] c.a.d.s.b.a.DruidDataSourceAutoConfigure : Init DruidDataSource
2022-10-31 12:12:56.015  INFO 30688 --- [main] com.alibaba.druid.pool.DruidDataSource   : {dataSource-1} inited
2022-10-31 12:12:56.371  INFO 30688 --- [main] o.s.b.a.w.s.WelcomePageHandlerMapping    : Adding welcome page: class path resource [static/index.html]
2022-10-31 12:12:56.522  INFO 30688 --- [main] o.a.coyote.http11.Http11NioProtocol      : Starting ProtocolHandler ["http-nio-9899"]
2022-10-31 12:12:56.540  INFO 30688 --- [main] o.s.b.w.embedded.tomcat.TomcatWebServer  : Tomcat started on port(s): 9899 (http) with context path ''
2022-10-31 12:12:56.550  INFO 30688 --- [main] org.spoto.Application                    : Started Application in 2.698 seconds (JVM running for 4.032)
2022-10-31 12:13:01.743  INFO 30688 --- [http-nio-9899-exec-1] o.a.c.c.C.[Tomcat].[localhost].[/]       : Initializing Spring DispatcherServlet 'dispatcherServlet'
2022-10-31 12:13:01.744  INFO 30688 --- [http-nio-9899-exec-1] o.s.web.servlet.DispatcherServlet        : Initializing Servlet 'dispatcherServlet'
2022-10-31 12:13:01.745  INFO 30688 --- [http-nio-9899-exec-1] o.s.web.servlet.DispatcherServlet        : Completed initialization in 1 ms
2022-10-31 22:00:37.040  INFO 7912 --- [main] org.spoto.Application                    : Starting Application using Java 1.8.0_111 on LAPTOP-S8U4A92D with PID 7912 (D:\Java\MyprojectSys\student_management\target\classes started by 21309 in D:\Java\MyprojectSys\student_management)
2022-10-31 22:00:37.082  INFO 7912 --- [main] org.spoto.Application                    : No active profile set, falling back to 1 default profile: "default"
2022-10-31 22:00:38.477  INFO 7912 --- [main] o.s.b.w.embedded.tomcat.TomcatWebServer  : Tomcat initialized with port(s): 9899 (http)
2022-10-31 22:00:38.488  INFO 7912 --- [main] o.a.coyote.http11.Http11NioProtocol      : Initializing ProtocolHandler ["http-nio-9899"]
2022-10-31 22:00:38.488  INFO 7912 --- [main] o.apache.catalina.core.StandardService   : Starting service [Tomcat]
2022-10-31 22:00:38.488  INFO 7912 --- [main] org.apache.catalina.core.StandardEngine  : Starting Servlet engine: [Apache Tomcat/9.0.68]
2022-10-31 22:00:38.674  INFO 7912 --- [main] o.a.c.c.C.[Tomcat].[localhost].[/]       : Initializing Spring embedded WebApplicationContext
2022-10-31 22:00:38.674  INFO 7912 --- [main] w.s.c.ServletWebServerApplicationContext : Root WebApplicationContext: initialization completed in 1544 ms
2022-10-31 22:00:39.100  INFO 7912 --- [main] c.a.d.s.b.a.DruidDataSourceAutoConfigure : Init DruidDataSource
2022-10-31 22:00:39.482  INFO 7912 --- [main] com.alibaba.druid.pool.DruidDataSource   : {dataSource-1} inited
2022-10-31 22:00:40.039  INFO 7912 --- [main] o.s.b.a.w.s.WelcomePageHandlerMapping    : Adding welcome page: class path resource [static/index.html]
2022-10-31 22:00:40.249  INFO 7912 --- [main] o.a.coyote.http11.Http11NioProtocol      : Starting ProtocolHandler ["http-nio-9899"]
2022-10-31 22:00:40.280  INFO 7912 --- [main] o.s.b.w.embedded.tomcat.TomcatWebServer  : Tomcat started on port(s): 9899 (http) with context path ''
2022-10-31 22:00:40.287  INFO 7912 --- [main] org.spoto.Application                    : Started Application in 3.875 seconds (JVM running for 5.633)
2022-10-31 22:02:00.993  INFO 7912 --- [http-nio-9899-exec-1] o.a.c.c.C.[Tomcat].[localhost].[/]       : Initializing Spring DispatcherServlet 'dispatcherServlet'
2022-10-31 22:02:00.993  INFO 7912 --- [http-nio-9899-exec-1] o.s.web.servlet.DispatcherServlet        : Initializing Servlet 'dispatcherServlet'
2022-10-31 22:02:00.994  INFO 7912 --- [http-nio-9899-exec-1] o.s.web.servlet.DispatcherServlet        : Completed initialization in 1 ms
2022-10-31 22:02:07.094  INFO 7912 --- [Druid-ConnectionPool-Create-24995349] c.a.druid.pool.DruidAbstractDataSource   : {dataSource-1} failContinuous is true
2022-10-31 22:02:27.232  INFO 7912 --- [Druid-ConnectionPool-Create-24995349] c.a.druid.pool.DruidAbstractDataSource   : {dataSource-1} failContinuous is false
